\BOOKMARK [0][-]{Contents.0}{Contents}{}% 1
\BOOKMARK [0][-]{chapter.1}{Introduction}{}% 2
\BOOKMARK [0][-]{chapter.2}{Related Work}{}% 3
\BOOKMARK [0][-]{chapter.3}{Experimental Environments}{}% 4
\BOOKMARK [1][-]{section.3.1}{Server running environment - Cloud Foundry}{chapter.3}% 5
\BOOKMARK [\numexpr 1+\@ne \relax ][-]{subsection.3.1.1}{Cloud Foundry at SAP}{section.3.1}% 6
\BOOKMARK [\numexpr 1+\@ne \relax ][-]{subsection.3.1.2}{PaaS - Service plans, Backing services and more}{section.3.1}% 7
\BOOKMARK [\numexpr 1+\@ne \relax ][-]{subsection.3.1.3}{Limitations}{section.3.1}% 8
\BOOKMARK [1][-]{section.3.2}{Client running environments}{chapter.3}% 9
\BOOKMARK [\numexpr 1+\@ne \relax ][-]{subsection.3.2.1}{Influential factors for measuring}{section.3.2}% 10
\BOOKMARK [\numexpr 1+\@ne \relax ][-]{subsection.3.2.2}{Client in local machine}{section.3.2}% 11
\BOOKMARK [\numexpr 1+\@ne \relax ][-]{subsection.3.2.3}{Client in Cloud Foundry}{section.3.2}% 12
\BOOKMARK [\numexpr 1+\@ne \relax ][-]{subsection.3.2.4}{Client in Monsoon}{section.3.2}% 13
\BOOKMARK [0][-]{chapter.4}{Testing tool}{}% 14
\BOOKMARK [1][-]{section.4.1}{Apache JMeter}{chapter.4}% 15
\BOOKMARK [\numexpr 1+\@ne \relax ][-]{subsection.4.1.1}{JMeter introduction}{section.4.1}% 16
\BOOKMARK [\numexpr 1+\@ne \relax ][-]{subsection.4.1.2}{JMeter Limitations}{section.4.1}% 17
\BOOKMARK [1][-]{section.4.2}{Load generator - a self implemented scalable client}{chapter.4}% 18
\BOOKMARK [\numexpr 1+\@ne \relax ][-]{subsection.4.2.1}{Design and function of load generator}{section.4.2}% 19
\BOOKMARK [\numexpr 1+\@ne \relax ][-]{subsection.4.2.2}{Limitations}{section.4.2}% 20
\BOOKMARK [0][-]{chapter.5}{Measuring tool}{}% 21
\BOOKMARK [1][-]{section.5.1}{Response time}{chapter.5}% 22
\BOOKMARK [\numexpr 1+\@ne \relax ][-]{subsection.5.1.1}{Apache JMeter and its limitations}{section.5.1}% 23
\BOOKMARK [\numexpr 1+\@ne \relax ][-]{subsection.5.1.2}{Recording with Load Generator and its limitations}{section.5.1}% 24
\BOOKMARK [\numexpr 1+\@ne \relax ][-]{subsection.5.1.3}{Retrieving data from ELK and its limitations}{section.5.1}% 25
\BOOKMARK [1][-]{section.5.2}{CPU and Memory consumption}{chapter.5}% 26
\BOOKMARK [\numexpr 1+\@ne \relax ][-]{subsection.5.2.1}{Cloud Foundry CLI and its limitations}{section.5.2}% 27
\BOOKMARK [\numexpr 1+\@ne \relax ][-]{subsection.5.2.2}{A self-implemented Ruby application and its limitations}{section.5.2}% 28
\BOOKMARK [0][-]{chapter.6}{Test Scenario}{}% 29
\BOOKMARK [1][-]{section.6.1}{IO Intensive}{chapter.6}% 30
\BOOKMARK [1][-]{section.6.2}{Compute Intensive}{chapter.6}% 31
\BOOKMARK [0][-]{chapter.7}{Test Results and Analysis}{}% 32
\BOOKMARK [1][-]{section.7.1}{IO Intensive}{chapter.7}% 33
\BOOKMARK [1][-]{section.7.2}{Compute Intensive}{chapter.7}% 34
\BOOKMARK [0][-]{chapter.8}{Conclusion}{}% 35
\BOOKMARK [0][-]{section*.5}{List of Tables}{}% 36
\BOOKMARK [0][-]{section*.7}{List of Figures}{}% 37
\BOOKMARK [0][-]{section*.9}{Source references}{}% 38
